-------------------------------------------------------------------------------
Test set: ca.udem.ift2015.autocompleter.student.HeapTopKStrategyTest
-------------------------------------------------------------------------------
Tests run: 10, Failures: 0, Errors: 10, Skipped: 0, Time elapsed: 0.007 s <<< FAILURE! -- in ca.udem.ift2015.autocompleter.student.HeapTopKStrategyTest
ca.udem.ift2015.autocompleter.student.HeapTopKStrategyTest.tiebreakBetweenTwoTokensOnly -- Time elapsed: 0 s <<< ERROR!
java.lang.UnsupportedOperationException: TODO 1 — increment non implémenté
	at ca.udem.ift2015.autocompleter.student.HashFrequencyTable.increment(HashFrequencyTable.java:31)
	at ca.udem.ift2015.autocompleter.student.HeapTopKStrategyTest.tableOf(HeapTopKStrategyTest.java:27)
	at ca.udem.ift2015.autocompleter.student.HeapTopKStrategyTest.tiebreakBetweenTwoTokensOnly(HeapTopKStrategyTest.java:122)
	at java.base/java.lang.reflect.Method.invoke(Method.java:565)
	at java.base/java.util.ArrayList.forEach(ArrayList.java:1604)
	at java.base/java.util.ArrayList.forEach(ArrayList.java:1604)

ca.udem.ift2015.autocompleter.student.HeapTopKStrategyTest.singleTokenTable -- Time elapsed: 0 s <<< ERROR!
java.lang.UnsupportedOperationException: TODO 1 — increment non implémenté
	at ca.udem.ift2015.autocompleter.student.HashFrequencyTable.increment(HashFrequencyTable.java:31)
	at ca.udem.ift2015.autocompleter.student.HeapTopKStrategyTest.tableOf(HeapTopKStrategyTest.java:27)
	at ca.udem.ift2015.autocompleter.student.HeapTopKStrategyTest.singleTokenTable(HeapTopKStrategyTest.java:104)
	at java.base/java.lang.reflect.Method.invoke(Method.java:565)
	at java.base/java.util.ArrayList.forEach(ArrayList.java:1604)
	at java.base/java.util.ArrayList.forEach(ArrayList.java:1604)

ca.udem.ift2015.autocompleter.student.HeapTopKStrategyTest.kZeroReturnsEmptyList -- Time elapsed: 0.001 s <<< ERROR!
java.lang.UnsupportedOperationException: TODO 1 — increment non implémenté
	at ca.udem.ift2015.autocompleter.student.HashFrequencyTable.increment(HashFrequencyTable.java:31)
	at ca.udem.ift2015.autocompleter.student.HeapTopKStrategyTest.tableOf(HeapTopKStrategyTest.java:27)
	at ca.udem.ift2015.autocompleter.student.HeapTopKStrategyTest.kZeroReturnsEmptyList(HeapTopKStrategyTest.java:43)
	at java.base/java.lang.reflect.Method.invoke(Method.java:565)
	at java.base/java.util.ArrayList.forEach(ArrayList.java:1604)
	at java.base/java.util.ArrayList.forEach(ArrayList.java:1604)

ca.udem.ift2015.autocompleter.student.HeapTopKStrategyTest.resultsAreOrderedByDescendingFrequency -- Time elapsed: 0 s <<< ERROR!
java.lang.UnsupportedOperationException: TODO 1 — increment non implémenté
	at ca.udem.ift2015.autocompleter.student.HashFrequencyTable.increment(HashFrequencyTable.java:31)
	at ca.udem.ift2015.autocompleter.student.HeapTopKStrategyTest.tableOf(HeapTopKStrategyTest.java:27)
	at ca.udem.ift2015.autocompleter.student.HeapTopKStrategyTest.resultsAreOrderedByDescendingFrequency(HeapTopKStrategyTest.java:68)
	at java.base/java.lang.reflect.Method.invoke(Method.java:565)
	at java.base/java.util.ArrayList.forEach(ArrayList.java:1604)
	at java.base/java.util.ArrayList.forEach(ArrayList.java:1604)

ca.udem.ift2015.autocompleter.student.HeapTopKStrategyTest.kGreaterThanVocabReturnsAllTokens -- Time elapsed: 0 s <<< ERROR!
java.lang.UnsupportedOperationException: TODO 1 — increment non implémenté
	at ca.udem.ift2015.autocompleter.student.HashFrequencyTable.increment(HashFrequencyTable.java:31)
	at ca.udem.ift2015.autocompleter.student.HeapTopKStrategyTest.tableOf(HeapTopKStrategyTest.java:27)
	at ca.udem.ift2015.autocompleter.student.HeapTopKStrategyTest.kGreaterThanVocabReturnsAllTokens(HeapTopKStrategyTest.java:55)
	at java.base/java.lang.reflect.Method.invoke(Method.java:565)
	at java.base/java.util.ArrayList.forEach(ArrayList.java:1604)
	at java.base/java.util.ArrayList.forEach(ArrayList.java:1604)

ca.udem.ift2015.autocompleter.student.HeapTopKStrategyTest.tiebreakIsLexicographicAscending -- Time elapsed: 0.001 s <<< ERROR!
java.lang.UnsupportedOperationException: TODO 1 — increment non implémenté
	at ca.udem.ift2015.autocompleter.student.HashFrequencyTable.increment(HashFrequencyTable.java:31)
	at ca.udem.ift2015.autocompleter.student.HeapTopKStrategyTest.tableOf(HeapTopKStrategyTest.java:27)
	at ca.udem.ift2015.autocompleter.student.HeapTopKStrategyTest.tiebreakIsLexicographicAscending(HeapTopKStrategyTest.java:88)
	at java.base/java.lang.reflect.Method.invoke(Method.java:565)
	at java.base/java.util.ArrayList.forEach(ArrayList.java:1604)
	at java.base/java.util.ArrayList.forEach(ArrayList.java:1604)

ca.udem.ift2015.autocompleter.student.HeapTopKStrategyTest.emptyTableReturnsEmptyList -- Time elapsed: 0 s <<< ERROR!
java.lang.UnsupportedOperationException: TODO 7 — topK non implémenté
	at ca.udem.ift2015.autocompleter.student.HeapTopKStrategy.topK(HeapTopKStrategy.java:36)
	at ca.udem.ift2015.autocompleter.student.HeapTopKStrategyTest.emptyTableReturnsEmptyList(HeapTopKStrategyTest.java:50)
	at java.base/java.lang.reflect.Method.invoke(Method.java:565)
	at java.base/java.util.ArrayList.forEach(ArrayList.java:1604)
	at java.base/java.util.ArrayList.forEach(ArrayList.java:1604)

ca.udem.ift2015.autocompleter.student.HeapTopKStrategyTest.topOneReturnsHighestFrequencyToken -- Time elapsed: 0.001 s <<< ERROR!
java.lang.UnsupportedOperationException: TODO 1 — increment non implémenté
	at ca.udem.ift2015.autocompleter.student.HashFrequencyTable.increment(HashFrequencyTable.java:31)
	at ca.udem.ift2015.autocompleter.student.HeapTopKStrategyTest.tableOf(HeapTopKStrategyTest.java:27)
	at ca.udem.ift2015.autocompleter.student.HeapTopKStrategyTest.topOneReturnsHighestFrequencyToken(HeapTopKStrategyTest.java:76)
	at java.base/java.lang.reflect.Method.invoke(Method.java:565)
	at java.base/java.util.ArrayList.forEach(ArrayList.java:1604)
	at java.base/java.util.ArrayList.forEach(ArrayList.java:1604)

ca.udem.ift2015.autocompleter.student.HeapTopKStrategyTest.kNegativeReturnsEmptyList -- Time elapsed: 0 s <<< ERROR!
java.lang.UnsupportedOperationException: TODO 1 — increment non implémenté
	at ca.udem.ift2015.autocompleter.student.HashFrequencyTable.increment(HashFrequencyTable.java:31)
	at ca.udem.ift2015.autocompleter.student.HeapTopKStrategyTest.tableOf(HeapTopKStrategyTest.java:27)
	at ca.udem.ift2015.autocompleter.student.HeapTopKStrategyTest.kNegativeReturnsEmptyList(HeapTopKStrategyTest.java:114)
	at java.base/java.lang.reflect.Method.invoke(Method.java:565)
	at java.base/java.util.ArrayList.forEach(ArrayList.java:1604)
	at java.base/java.util.ArrayList.forEach(ArrayList.java:1604)

ca.udem.ift2015.autocompleter.student.HeapTopKStrategyTest.tiebreakInTopK -- Time elapsed: 0.001 s <<< ERROR!
java.lang.UnsupportedOperationException: TODO 1 — increment non implémenté
	at ca.udem.ift2015.autocompleter.student.HashFrequencyTable.increment(HashFrequencyTable.java:31)
	at ca.udem.ift2015.autocompleter.student.HeapTopKStrategyTest.tableOf(HeapTopKStrategyTest.java:27)
	at ca.udem.ift2015.autocompleter.student.HeapTopKStrategyTest.tiebreakInTopK(HeapTopKStrategyTest.java:97)
	at java.base/java.lang.reflect.Method.invoke(Method.java:565)
	at java.base/java.util.ArrayList.forEach(ArrayList.java:1604)
	at java.base/java.util.ArrayList.forEach(ArrayList.java:1604)

