-------------------------------------------------------------------------------
Test set: ca.udem.ift2015.autocompleter.student.PrefixTrieTest
-------------------------------------------------------------------------------
Tests run: 18, Failures: 0, Errors: 18, Skipped: 0, Time elapsed: 0.021 s <<< FAILURE! -- in ca.udem.ift2015.autocompleter.student.PrefixTrieTest
ca.udem.ift2015.autocompleter.student.PrefixTrieTest.completeKLargerThanMatches -- Time elapsed: 0.001 s <<< ERROR!
java.lang.UnsupportedOperationException: TODO 8 — insert non implémenté
	at ca.udem.ift2015.autocompleter.student.PrefixTrie.insert(PrefixTrie.java:41)
	at ca.udem.ift2015.autocompleter.student.PrefixTrieTest.completeKLargerThanMatches(PrefixTrieTest.java:144)
	at java.base/java.lang.reflect.Method.invoke(Method.java:565)
	at java.base/java.util.ArrayList.forEach(ArrayList.java:1604)
	at java.base/java.util.ArrayList.forEach(ArrayList.java:1604)

ca.udem.ift2015.autocompleter.student.PrefixTrieTest.completeWhenPrefixIsWordWithExtensions -- Time elapsed: 0.001 s <<< ERROR!
java.lang.UnsupportedOperationException: TODO 8 — insert non implémenté
	at ca.udem.ift2015.autocompleter.student.PrefixTrie.insert(PrefixTrie.java:41)
	at ca.udem.ift2015.autocompleter.student.PrefixTrieTest.completeWhenPrefixIsWordWithExtensions(PrefixTrieTest.java:185)
	at java.base/java.lang.reflect.Method.invoke(Method.java:565)
	at java.base/java.util.ArrayList.forEach(ArrayList.java:1604)
	at java.base/java.util.ArrayList.forEach(ArrayList.java:1604)

ca.udem.ift2015.autocompleter.student.PrefixTrieTest.nodeCountAfterInsertingPrefixOfExistingWord -- Time elapsed: 0.001 s <<< ERROR!
java.lang.UnsupportedOperationException: TODO 8 — insert non implémenté
	at ca.udem.ift2015.autocompleter.student.PrefixTrie.insert(PrefixTrie.java:41)
	at ca.udem.ift2015.autocompleter.student.PrefixTrieTest.nodeCountAfterInsertingPrefixOfExistingWord(PrefixTrieTest.java:80)
	at java.base/java.lang.reflect.Method.invoke(Method.java:565)
	at java.base/java.util.ArrayList.forEach(ArrayList.java:1604)
	at java.base/java.util.ArrayList.forEach(ArrayList.java:1604)

ca.udem.ift2015.autocompleter.student.PrefixTrieTest.completeExactWord_returnsItself -- Time elapsed: 0.001 s <<< ERROR!
java.lang.UnsupportedOperationException: TODO 8 — insert non implémenté
	at ca.udem.ift2015.autocompleter.student.PrefixTrie.insert(PrefixTrie.java:41)
	at ca.udem.ift2015.autocompleter.student.PrefixTrieTest.completeExactWord_returnsItself(PrefixTrieTest.java:177)
	at java.base/java.lang.reflect.Method.invoke(Method.java:565)
	at java.base/java.util.ArrayList.forEach(ArrayList.java:1604)
	at java.base/java.util.ArrayList.forEach(ArrayList.java:1604)

ca.udem.ift2015.autocompleter.student.PrefixTrieTest.completeEmptyPrefix_returnsTopK -- Time elapsed: 0.003 s <<< ERROR!
java.lang.UnsupportedOperationException: TODO 8 — insert non implémenté
	at ca.udem.ift2015.autocompleter.student.PrefixTrie.insert(PrefixTrie.java:41)
	at ca.udem.ift2015.autocompleter.student.PrefixTrieTest.completeEmptyPrefix_returnsTopK(PrefixTrieTest.java:165)
	at java.base/java.lang.reflect.Method.invoke(Method.java:565)
	at java.base/java.util.ArrayList.forEach(ArrayList.java:1604)
	at java.base/java.util.ArrayList.forEach(ArrayList.java:1604)

ca.udem.ift2015.autocompleter.student.PrefixTrieTest.nodeCountGrowsWithNewChars -- Time elapsed: 0.001 s <<< ERROR!
java.lang.UnsupportedOperationException: TODO 8 — insert non implémenté
	at ca.udem.ift2015.autocompleter.student.PrefixTrie.insert(PrefixTrie.java:41)
	at ca.udem.ift2015.autocompleter.student.PrefixTrieTest.nodeCountGrowsWithNewChars(PrefixTrieTest.java:72)
	at java.base/java.lang.reflect.Method.invoke(Method.java:565)
	at java.base/java.util.ArrayList.forEach(ArrayList.java:1604)
	at java.base/java.util.ArrayList.forEach(ArrayList.java:1604)

ca.udem.ift2015.autocompleter.student.PrefixTrieTest.completeTiebreakLexicographic -- Time elapsed: 0.001 s <<< ERROR!
java.lang.UnsupportedOperationException: TODO 8 — insert non implémenté
	at ca.udem.ift2015.autocompleter.student.PrefixTrie.insert(PrefixTrie.java:41)
	at ca.udem.ift2015.autocompleter.student.PrefixTrieTest.completeTiebreakLexicographic(PrefixTrieTest.java:120)
	at java.base/java.lang.reflect.Method.invoke(Method.java:565)
	at java.base/java.util.ArrayList.forEach(ArrayList.java:1604)
	at java.base/java.util.ArrayList.forEach(ArrayList.java:1604)

ca.udem.ift2015.autocompleter.student.PrefixTrieTest.sizeCountsDistinctWords -- Time elapsed: 0.001 s <<< ERROR!
java.lang.UnsupportedOperationException: TODO 8 — insert non implémenté
	at ca.udem.ift2015.autocompleter.student.PrefixTrie.insert(PrefixTrie.java:41)
	at ca.udem.ift2015.autocompleter.student.PrefixTrieTest.sizeCountsDistinctWords(PrefixTrieTest.java:64)
	at java.base/java.lang.reflect.Method.invoke(Method.java:565)
	at java.base/java.util.ArrayList.forEach(ArrayList.java:1604)
	at java.base/java.util.ArrayList.forEach(ArrayList.java:1604)

ca.udem.ift2015.autocompleter.student.PrefixTrieTest.searchOnEmptyTrie_returnsZero -- Time elapsed: 0 s <<< ERROR!
java.lang.UnsupportedOperationException: TODO 9 — search non implémenté
	at ca.udem.ift2015.autocompleter.student.PrefixTrie.search(PrefixTrie.java:52)
	at ca.udem.ift2015.autocompleter.student.PrefixTrieTest.searchOnEmptyTrie_returnsZero(PrefixTrieTest.java:32)
	at java.base/java.lang.reflect.Method.invoke(Method.java:565)
	at java.base/java.util.ArrayList.forEach(ArrayList.java:1604)
	at java.base/java.util.ArrayList.forEach(ArrayList.java:1604)

ca.udem.ift2015.autocompleter.student.PrefixTrieTest.completeReturnsAllMatchesForPrefix -- Time elapsed: 0.001 s <<< ERROR!
java.lang.UnsupportedOperationException: TODO 8 — insert non implémenté
	at ca.udem.ift2015.autocompleter.student.PrefixTrie.insert(PrefixTrie.java:41)
	at ca.udem.ift2015.autocompleter.student.PrefixTrieTest.completeReturnsAllMatchesForPrefix(PrefixTrieTest.java:95)
	at java.base/java.lang.reflect.Method.invoke(Method.java:565)
	at java.base/java.util.ArrayList.forEach(ArrayList.java:1604)
	at java.base/java.util.ArrayList.forEach(ArrayList.java:1604)

ca.udem.ift2015.autocompleter.student.PrefixTrieTest.completeKSmallerThanMatches -- Time elapsed: 0.001 s <<< ERROR!
java.lang.UnsupportedOperationException: TODO 8 — insert non implémenté
	at ca.udem.ift2015.autocompleter.student.PrefixTrie.insert(PrefixTrie.java:41)
	at ca.udem.ift2015.autocompleter.student.PrefixTrieTest.completeKSmallerThanMatches(PrefixTrieTest.java:131)
	at java.base/java.lang.reflect.Method.invoke(Method.java:565)
	at java.base/java.util.ArrayList.forEach(ArrayList.java:1604)
	at java.base/java.util.ArrayList.forEach(ArrayList.java:1604)

ca.udem.ift2015.autocompleter.student.PrefixTrieTest.completeAbsentPrefix_returnsEmpty -- Time elapsed: 0 s <<< ERROR!
java.lang.UnsupportedOperationException: TODO 8 — insert non implémenté
	at ca.udem.ift2015.autocompleter.student.PrefixTrie.insert(PrefixTrie.java:41)
	at ca.udem.ift2015.autocompleter.student.PrefixTrieTest.completeAbsentPrefix_returnsEmpty(PrefixTrieTest.java:153)
	at java.base/java.lang.reflect.Method.invoke(Method.java:565)
	at java.base/java.util.ArrayList.forEach(ArrayList.java:1604)
	at java.base/java.util.ArrayList.forEach(ArrayList.java:1604)

ca.udem.ift2015.autocompleter.student.PrefixTrieTest.searchAbsentWord_returnsZero -- Time elapsed: 0 s <<< ERROR!
java.lang.UnsupportedOperationException: TODO 8 — insert non implémenté
	at ca.udem.ift2015.autocompleter.student.PrefixTrie.insert(PrefixTrie.java:41)
	at ca.udem.ift2015.autocompleter.student.PrefixTrieTest.searchAbsentWord_returnsZero(PrefixTrieTest.java:44)
	at java.base/java.lang.reflect.Method.invoke(Method.java:565)
	at java.base/java.util.ArrayList.forEach(ArrayList.java:1604)
	at java.base/java.util.ArrayList.forEach(ArrayList.java:1604)

ca.udem.ift2015.autocompleter.student.PrefixTrieTest.searchPrefixOnly_returnsZero -- Time elapsed: 0 s <<< ERROR!
java.lang.UnsupportedOperationException: TODO 8 — insert non implémenté
	at ca.udem.ift2015.autocompleter.student.PrefixTrie.insert(PrefixTrie.java:41)
	at ca.udem.ift2015.autocompleter.student.PrefixTrieTest.searchPrefixOnly_returnsZero(PrefixTrieTest.java:50)
	at java.base/java.lang.reflect.Method.invoke(Method.java:565)
	at java.base/java.util.ArrayList.forEach(ArrayList.java:1604)
	at java.base/java.util.ArrayList.forEach(ArrayList.java:1604)

ca.udem.ift2015.autocompleter.student.PrefixTrieTest.insertAndSearchSingleWord -- Time elapsed: 0.001 s <<< ERROR!
java.lang.UnsupportedOperationException: TODO 8 — insert non implémenté
	at ca.udem.ift2015.autocompleter.student.PrefixTrie.insert(PrefixTrie.java:41)
	at ca.udem.ift2015.autocompleter.student.PrefixTrieTest.insertAndSearchSingleWord(PrefixTrieTest.java:38)
	at java.base/java.lang.reflect.Method.invoke(Method.java:565)
	at java.base/java.util.ArrayList.forEach(ArrayList.java:1604)
	at java.base/java.util.ArrayList.forEach(ArrayList.java:1604)

ca.udem.ift2015.autocompleter.student.PrefixTrieTest.completeRankedByDescendingFrequency -- Time elapsed: 0 s <<< ERROR!
java.lang.UnsupportedOperationException: TODO 8 — insert non implémenté
	at ca.udem.ift2015.autocompleter.student.PrefixTrie.insert(PrefixTrie.java:41)
	at ca.udem.ift2015.autocompleter.student.PrefixTrieTest.completeRankedByDescendingFrequency(PrefixTrieTest.java:108)
	at java.base/java.lang.reflect.Method.invoke(Method.java:565)
	at java.base/java.util.ArrayList.forEach(ArrayList.java:1604)
	at java.base/java.util.ArrayList.forEach(ArrayList.java:1604)

ca.udem.ift2015.autocompleter.student.PrefixTrieTest.insertSameWordAccumulatesFrequency -- Time elapsed: 0.001 s <<< ERROR!
java.lang.UnsupportedOperationException: TODO 8 — insert non implémenté
	at ca.udem.ift2015.autocompleter.student.PrefixTrie.insert(PrefixTrie.java:41)
	at ca.udem.ift2015.autocompleter.student.PrefixTrieTest.insertSameWordAccumulatesFrequency(PrefixTrieTest.java:57)
	at java.base/java.lang.reflect.Method.invoke(Method.java:565)
	at java.base/java.util.ArrayList.forEach(ArrayList.java:1604)
	at java.base/java.util.ArrayList.forEach(ArrayList.java:1604)

ca.udem.ift2015.autocompleter.student.PrefixTrieTest.completeKZero_returnsEmpty -- Time elapsed: 0 s <<< ERROR!
java.lang.UnsupportedOperationException: TODO 8 — insert non implémenté
	at ca.udem.ift2015.autocompleter.student.PrefixTrie.insert(PrefixTrie.java:41)
	at ca.udem.ift2015.autocompleter.student.PrefixTrieTest.completeKZero_returnsEmpty(PrefixTrieTest.java:159)
	at java.base/java.lang.reflect.Method.invoke(Method.java:565)
	at java.base/java.util.ArrayList.forEach(ArrayList.java:1604)
	at java.base/java.util.ArrayList.forEach(ArrayList.java:1604)

