<?xml version="1.0" encoding="UTF-8"?>
<testsuite xmlns:xsi="http://www.w3.org/2001/XMLSchema-instance" xsi:noNamespaceSchemaLocation="https://maven.apache.org/surefire/maven-surefire-plugin/xsd/surefire-test-report-3.0.xsd" version="3.0" name="ca.udem.ift2015.autocompleter.student.HeapTopKStrategyTest" time="0.03" tests="10" errors="10" skipped="0" failures="0">
  <properties>
[...]
</properties>
  <testcase name="tiebreakBetweenTwoTokensOnly" classname="ca.udem.ift2015.autocompleter.student.HeapTopKStrategyTest" time="0.001">
    <error message="TODO 1 — increment non implémenté" type="java.lang.UnsupportedOperationException"><![CDATA[java.lang.UnsupportedOperationException: TODO 1 — increment non implémenté
	at ca.udem.ift2015.autocompleter.student.HashFrequencyTable.increment(HashFrequencyTable.java:31)
	at ca.udem.ift2015.autocompleter.student.HeapTopKStrategyTest.tableOf(HeapTopKStrategyTest.java:27)
	at ca.udem.ift2015.autocompleter.student.HeapTopKStrategyTest.tiebreakBetweenTwoTokensOnly(HeapTopKStrategyTest.java:122)
	at java.base/java.lang.reflect.Method.invoke(Method.java:565)
	at java.base/java.util.ArrayList.forEach(ArrayList.java:1604)
	at java.base/java.util.ArrayList.forEach(ArrayList.java:1604)
]]></error>
  </testcase>
  <testcase name="singleTokenTable" classname="ca.udem.ift2015.autocompleter.student.HeapTopKStrategyTest" time="0.002">
    <error message="TODO 1 — increment non implémenté" type="java.lang.UnsupportedOperationException"><![CDATA[java.lang.UnsupportedOperationException: TODO 1 — increment non implémenté
	at ca.udem.ift2015.autocompleter.student.HashFrequencyTable.increment(HashFrequencyTable.java:31)
	at ca.udem.ift2015.autocompleter.student.HeapTopKStrategyTest.tableOf(HeapTopKStrategyTest.java:27)
	at ca.udem.ift2015.autocompleter.student.HeapTopKStrategyTest.singleTokenTable(HeapTopKStrategyTest.java:104)
	at java.base/java.lang.reflect.Method.invoke(Method.java:565)
	at java.base/java.util.ArrayList.forEach(ArrayList.java:1604)
	at java.base/java.util.ArrayList.forEach(ArrayList.java:1604)
]]></error>
  </testcase>
  <testcase name="kZeroReturnsEmptyList" classname="ca.udem.ift2015.autocompleter.student.HeapTopKStrategyTest" time="0.001">
    <error message="TODO 1 — increment non implémenté" type="java.lang.UnsupportedOperationException"><![CDATA[java.lang.UnsupportedOperationException: TODO 1 — increment non implémenté
	at ca.udem.ift2015.autocompleter.student.HashFrequencyTable.increment(HashFrequencyTable.java:31)
	at ca.udem.ift2015.autocompleter.student.HeapTopKStrategyTest.tableOf(HeapTopKStrategyTest.java:27)
	at ca.udem.ift2015.autocompleter.student.HeapTopKStrategyTest.kZeroReturnsEmptyList(HeapTopKStrategyTest.java:43)
	at java.base/java.lang.reflect.Method.invoke(Method.java:565)
	at java.base/java.util.ArrayList.forEach(ArrayList.java:1604)
	at java.base/java.util.ArrayList.forEach(ArrayList.java:1604)
]]></error>
  </testcase>
  <testcase name="resultsAreOrderedByDescendingFrequency" classname="ca.udem.ift2015.autocompleter.student.HeapTopKStrategyTest" time="0.002">
    <error message="TODO 1 — increment non implémenté" type="java.lang.UnsupportedOperationException"><![CDATA[java.lang.UnsupportedOperationException: TODO 1 — increment non implémenté
	at ca.udem.ift2015.autocompleter.student.HashFrequencyTable.increment(HashFrequencyTable.java:31)
	at ca.udem.ift2015.autocompleter.student.HeapTopKStrategyTest.tableOf(HeapTopKStrategyTest.java:27)
	at ca.udem.ift2015.autocompleter.student.HeapTopKStrategyTest.resultsAreOrderedByDescendingFrequency(HeapTopKStrategyTest.java:68)
	at java.base/java.lang.reflect.Method.invoke(Method.java:565)
	at java.base/java.util.ArrayList.forEach(ArrayList.java:1604)
	at java.base/java.util.ArrayList.forEach(ArrayList.java:1604)
]]></error>
  </testcase>
  <testcase name="kGreaterThanVocabReturnsAllTokens" classname="ca.udem.ift2015.autocompleter.student.HeapTopKStrategyTest" time="0.002">
    <error message="TODO 1 — increment non implémenté" type="java.lang.UnsupportedOperationException"><![CDATA[java.lang.UnsupportedOperationException: TODO 1 — increment non implémenté
	at ca.udem.ift2015.autocompleter.student.HashFrequencyTable.increment(HashFrequencyTable.java:31)
	at ca.udem.ift2015.autocompleter.student.HeapTopKStrategyTest.tableOf(HeapTopKStrategyTest.java:27)
	at ca.udem.ift2015.autocompleter.student.HeapTopKStrategyTest.kGreaterThanVocabReturnsAllTokens(HeapTopKStrategyTest.java:55)
	at java.base/java.lang.reflect.Method.invoke(Method.java:565)
	at java.base/java.util.ArrayList.forEach(ArrayList.java:1604)
	at java.base/java.util.ArrayList.forEach(ArrayList.java:1604)
]]></error>
  </testcase>
  <testcase name="tiebreakIsLexicographicAscending" classname="ca.udem.ift2015.autocompleter.student.HeapTopKStrategyTest" time="0.002">
    <error message="TODO 1 — increment non implémenté" type="java.lang.UnsupportedOperationException"><![CDATA[java.lang.UnsupportedOperationException: TODO 1 — increment non implémenté
	at ca.udem.ift2015.autocompleter.student.HashFrequencyTable.increment(HashFrequencyTable.java:31)
	at ca.udem.ift2015.autocompleter.student.HeapTopKStrategyTest.tableOf(HeapTopKStrategyTest.java:27)
	at ca.udem.ift2015.autocompleter.student.HeapTopKStrategyTest.tiebreakIsLexicographicAscending(HeapTopKStrategyTest.java:88)
	at java.base/java.lang.reflect.Method.invoke(Method.java:565)
	at java.base/java.util.ArrayList.forEach(ArrayList.java:1604)
	at java.base/java.util.ArrayList.forEach(ArrayList.java:1604)
]]></error>
  </testcase>
  <testcase name="emptyTableReturnsEmptyList" classname="ca.udem.ift2015.autocompleter.student.HeapTopKStrategyTest" time="0.002">
    <error message="TODO 7 — topK non implémenté" type="java.lang.UnsupportedOperationException"><![CDATA[java.lang.UnsupportedOperationException: TODO 7 — topK non implémenté
	at ca.udem.ift2015.autocompleter.student.HeapTopKStrategy.topK(HeapTopKStrategy.java:36)
	at ca.udem.ift2015.autocompleter.student.HeapTopKStrategyTest.emptyTableReturnsEmptyList(HeapTopKStrategyTest.java:50)
	at java.base/java.lang.reflect.Method.invoke(Method.java:565)
	at java.base/java.util.ArrayList.forEach(ArrayList.java:1604)
	at java.base/java.util.ArrayList.forEach(ArrayList.java:1604)
]]></error>
  </testcase>
  <testcase name="topOneReturnsHighestFrequencyToken" classname="ca.udem.ift2015.autocompleter.student.HeapTopKStrategyTest" time="0.002">
    <error message="TODO 1 — increment non implémenté" type="java.lang.UnsupportedOperationException"><![CDATA[java.lang.UnsupportedOperationException: TODO 1 — increment non implémenté
	at ca.udem.ift2015.autocompleter.student.HashFrequencyTable.increment(HashFrequencyTable.java:31)
	at ca.udem.ift2015.autocompleter.student.HeapTopKStrategyTest.tableOf(HeapTopKStrategyTest.java:27)
	at ca.udem.ift2015.autocompleter.student.HeapTopKStrategyTest.topOneReturnsHighestFrequencyToken(HeapTopKStrategyTest.java:76)
	at java.base/java.lang.reflect.Method.invoke(Method.java:565)
	at java.base/java.util.ArrayList.forEach(ArrayList.java:1604)
	at java.base/java.util.ArrayList.forEach(ArrayList.java:1604)
]]></error>
  </testcase>
  <testcase name="kNegativeReturnsEmptyList" classname="ca.udem.ift2015.autocompleter.student.HeapTopKStrategyTest" time="0.002">
    <error message="TODO 1 — increment non implémenté" type="java.lang.UnsupportedOperationException"><![CDATA[java.lang.UnsupportedOperationException: TODO 1 — increment non implémenté
	at ca.udem.ift2015.autocompleter.student.HashFrequencyTable.increment(HashFrequencyTable.java:31)
	at ca.udem.ift2015.autocompleter.student.HeapTopKStrategyTest.tableOf(HeapTopKStrategyTest.java:27)
	at ca.udem.ift2015.autocompleter.student.HeapTopKStrategyTest.kNegativeReturnsEmptyList(HeapTopKStrategyTest.java:114)
	at java.base/java.lang.reflect.Method.invoke(Method.java:565)
	at java.base/java.util.ArrayList.forEach(ArrayList.java:1604)
	at java.base/java.util.ArrayList.forEach(ArrayList.java:1604)
]]></error>
  </testcase>
  <testcase name="tiebreakInTopK" classname="ca.udem.ift2015.autocompleter.student.HeapTopKStrategyTest" time="0.002">
    <error message="TODO 1 — increment non implémenté" type="java.lang.UnsupportedOperationException"><![CDATA[java.lang.UnsupportedOperationException: TODO 1 — increment non implémenté
	at ca.udem.ift2015.autocompleter.student.HashFrequencyTable.increment(HashFrequencyTable.java:31)
	at ca.udem.ift2015.autocompleter.student.HeapTopKStrategyTest.tableOf(HeapTopKStrategyTest.java:27)
	at ca.udem.ift2015.autocompleter.student.HeapTopKStrategyTest.tiebreakInTopK(HeapTopKStrategyTest.java:97)
	at java.base/java.lang.reflect.Method.invoke(Method.java:565)
	at java.base/java.util.ArrayList.forEach(ArrayList.java:1604)
	at java.base/java.util.ArrayList.forEach(ArrayList.java:1604)
]]></error>
  </testcase>
</testsuite>