<?xml version="1.0" encoding="UTF-8"?>
<testsuite xmlns:xsi="http://www.w3.org/2001/XMLSchema-instance" xsi:noNamespaceSchemaLocation="https://maven.apache.org/surefire/maven-surefire-plugin/xsd/surefire-test-report-3.0.xsd" version="3.0" name="ca.udem.ift2015.autocompleter.student.PrefixTrieTest" time="0.051" tests="18" errors="18" skipped="0" failures="0">
  <properties>
[...]
</properties>
  <testcase name="completeKLargerThanMatches" classname="ca.udem.ift2015.autocompleter.student.PrefixTrieTest" time="0.002">
    <error message="TODO 8 — insert non implémenté" type="java.lang.UnsupportedOperationException"><![CDATA[java.lang.UnsupportedOperationException: TODO 8 — insert non implémenté
	at ca.udem.ift2015.autocompleter.student.PrefixTrie.insert(PrefixTrie.java:41)
	at ca.udem.ift2015.autocompleter.student.PrefixTrieTest.completeKLargerThanMatches(PrefixTrieTest.java:144)
	at java.base/java.lang.reflect.Method.invoke(Method.java:565)
	at java.base/java.util.ArrayList.forEach(ArrayList.java:1604)
	at java.base/java.util.ArrayList.forEach(ArrayList.java:1604)
]]></error>
  </testcase>
  <testcase name="completeWhenPrefixIsWordWithExtensions" classname="ca.udem.ift2015.autocompleter.student.PrefixTrieTest" time="0.002">
    <error message="TODO 8 — insert non implémenté" type="java.lang.UnsupportedOperationException"><![CDATA[java.lang.UnsupportedOperationException: TODO 8 — insert non implémenté
	at ca.udem.ift2015.autocompleter.student.PrefixTrie.insert(PrefixTrie.java:41)
	at ca.udem.ift2015.autocompleter.student.PrefixTrieTest.completeWhenPrefixIsWordWithExtensions(PrefixTrieTest.java:185)
	at java.base/java.lang.reflect.Method.invoke(Method.java:565)
	at java.base/java.util.ArrayList.forEach(ArrayList.java:1604)
	at java.base/java.util.ArrayList.forEach(ArrayList.java:1604)
]]></error>
  </testcase>
  <testcase name="nodeCountAfterInsertingPrefixOfExistingWord" classname="ca.udem.ift2015.autocompleter.student.PrefixTrieTest" time="0.001">
    <error message="TODO 8 — insert non implémenté" type="java.lang.UnsupportedOperationException"><![CDATA[java.lang.UnsupportedOperationException: TODO 8 — insert non implémenté
	at ca.udem.ift2015.autocompleter.student.PrefixTrie.insert(PrefixTrie.java:41)
	at ca.udem.ift2015.autocompleter.student.PrefixTrieTest.nodeCountAfterInsertingPrefixOfExistingWord(PrefixTrieTest.java:80)
	at java.base/java.lang.reflect.Method.invoke(Method.java:565)
	at java.base/java.util.ArrayList.forEach(ArrayList.java:1604)
	at java.base/java.util.ArrayList.forEach(ArrayList.java:1604)
]]></error>
  </testcase>
  <testcase name="completeExactWord_returnsItself" classname="ca.udem.ift2015.autocompleter.student.PrefixTrieTest" time="0.001">
    <error message="TODO 8 — insert non implémenté" type="java.lang.UnsupportedOperationException"><![CDATA[java.lang.UnsupportedOperationException: TODO 8 — insert non implémenté
	at ca.udem.ift2015.autocompleter.student.PrefixTrie.insert(PrefixTrie.java:41)
	at ca.udem.ift2015.autocompleter.student.PrefixTrieTest.completeExactWord_returnsItself(PrefixTrieTest.java:177)
	at java.base/java.lang.reflect.Method.invoke(Method.java:565)
	at java.base/java.util.ArrayList.forEach(ArrayList.java:1604)
	at java.base/java.util.ArrayList.forEach(ArrayList.java:1604)
]]></error>
  </testcase>
  <testcase name="completeEmptyPrefix_returnsTopK" classname="ca.udem.ift2015.autocompleter.student.PrefixTrieTest" time="0.001">
    <error message="TODO 8 — insert non implémenté" type="java.lang.UnsupportedOperationException"><![CDATA[java.lang.UnsupportedOperationException: TODO 8 — insert non implémenté
	at ca.udem.ift2015.autocompleter.student.PrefixTrie.insert(PrefixTrie.java:41)
	at ca.udem.ift2015.autocompleter.student.PrefixTrieTest.completeEmptyPrefix_returnsTopK(PrefixTrieTest.java:165)
	at java.base/java.lang.reflect.Method.invoke(Method.java:565)
	at java.base/java.util.ArrayList.forEach(ArrayList.java:1604)
	at java.base/java.util.ArrayList.forEach(ArrayList.java:1604)
]]></error>
  </testcase>
  <testcase name="nodeCountGrowsWithNewChars" classname="ca.udem.ift2015.autocompleter.student.PrefixTrieTest" time="0.002">
    <error message="TODO 8 — insert non implémenté" type="java.lang.UnsupportedOperationException"><![CDATA[java.lang.UnsupportedOperationException: TODO 8 — insert non implémenté
	at ca.udem.ift2015.autocompleter.student.PrefixTrie.insert(PrefixTrie.java:41)
	at ca.udem.ift2015.autocompleter.student.PrefixTrieTest.nodeCountGrowsWithNewChars(PrefixTrieTest.java:72)
	at java.base/java.lang.reflect.Method.invoke(Method.java:565)
	at java.base/java.util.ArrayList.forEach(ArrayList.java:1604)
	at java.base/java.util.ArrayList.forEach(ArrayList.java:1604)
]]></error>
  </testcase>
  <testcase name="completeTiebreakLexicographic" classname="ca.udem.ift2015.autocompleter.student.PrefixTrieTest" time="0.002">
    <error message="TODO 8 — insert non implémenté" type="java.lang.UnsupportedOperationException"><![CDATA[java.lang.UnsupportedOperationException: TODO 8 — insert non implémenté
	at ca.udem.ift2015.autocompleter.student.PrefixTrie.insert(PrefixTrie.java:41)
	at ca.udem.ift2015.autocompleter.student.PrefixTrieTest.completeTiebreakLexicographic(PrefixTrieTest.java:120)
	at java.base/java.lang.reflect.Method.invoke(Method.java:565)
	at java.base/java.util.ArrayList.forEach(ArrayList.java:1604)
	at java.base/java.util.ArrayList.forEach(ArrayList.java:1604)
]]></error>
  </testcase>
  <testcase name="sizeCountsDistinctWords" classname="ca.udem.ift2015.autocompleter.student.PrefixTrieTest" time="0.003">
    <error message="TODO 8 — insert non implémenté" type="java.lang.UnsupportedOperationException"><![CDATA[java.lang.UnsupportedOperationException: TODO 8 — insert non implémenté
	at ca.udem.ift2015.autocompleter.student.PrefixTrie.insert(PrefixTrie.java:41)
	at ca.udem.ift2015.autocompleter.student.PrefixTrieTest.sizeCountsDistinctWords(PrefixTrieTest.java:64)
	at java.base/java.lang.reflect.Method.invoke(Method.java:565)
	at java.base/java.util.ArrayList.forEach(ArrayList.java:1604)
	at java.base/java.util.ArrayList.forEach(ArrayList.java:1604)
]]></error>
  </testcase>
  <testcase name="searchOnEmptyTrie_returnsZero" classname="ca.udem.ift2015.autocompleter.student.PrefixTrieTest" time="0.002">
    <error message="TODO 9 — search non implémenté" type="java.lang.UnsupportedOperationException"><![CDATA[java.lang.UnsupportedOperationException: TODO 9 — search non implémenté
	at ca.udem.ift2015.autocompleter.student.PrefixTrie.search(PrefixTrie.java:52)
	at ca.udem.ift2015.autocompleter.student.PrefixTrieTest.searchOnEmptyTrie_returnsZero(PrefixTrieTest.java:32)
	at java.base/java.lang.reflect.Method.invoke(Method.java:565)
	at java.base/java.util.ArrayList.forEach(ArrayList.java:1604)
	at java.base/java.util.ArrayList.forEach(ArrayList.java:1604)
]]></error>
  </testcase>
  <testcase name="completeReturnsAllMatchesForPrefix" classname="ca.udem.ift2015.autocompleter.student.PrefixTrieTest" time="0.001">
    <error message="TODO 8 — insert non implémenté" type="java.lang.UnsupportedOperationException"><![CDATA[java.lang.UnsupportedOperationException: TODO 8 — insert non implémenté
	at ca.udem.ift2015.autocompleter.student.PrefixTrie.insert(PrefixTrie.java:41)
	at ca.udem.ift2015.autocompleter.student.PrefixTrieTest.completeReturnsAllMatchesForPrefix(PrefixTrieTest.java:95)
	at java.base/java.lang.reflect.Method.invoke(Method.java:565)
	at java.base/java.util.ArrayList.forEach(ArrayList.java:1604)
	at java.base/java.util.ArrayList.forEach(ArrayList.java:1604)
]]></error>
  </testcase>
  <testcase name="completeKSmallerThanMatches" classname="ca.udem.ift2015.autocompleter.student.PrefixTrieTest" time="0.002">
    <error message="TODO 8 — insert non implémenté" type="java.lang.UnsupportedOperationException"><![CDATA[java.lang.UnsupportedOperationException: TODO 8 — insert non implémenté
	at ca.udem.ift2015.autocompleter.student.PrefixTrie.insert(PrefixTrie.java:41)
	at ca.udem.ift2015.autocompleter.student.PrefixTrieTest.completeKSmallerThanMatches(PrefixTrieTest.java:131)
	at java.base/java.lang.reflect.Method.invoke(Method.java:565)
	at java.base/java.util.ArrayList.forEach(ArrayList.java:1604)
	at java.base/java.util.ArrayList.forEach(ArrayList.java:1604)
]]></error>
  </testcase>
  <testcase name="completeAbsentPrefix_returnsEmpty" classname="ca.udem.ift2015.autocompleter.student.PrefixTrieTest" time="0.002">
    <error message="TODO 8 — insert non implémenté" type="java.lang.UnsupportedOperationException"><![CDATA[java.lang.UnsupportedOperationException: TODO 8 — insert non implémenté
	at ca.udem.ift2015.autocompleter.student.PrefixTrie.insert(PrefixTrie.java:41)
	at ca.udem.ift2015.autocompleter.student.PrefixTrieTest.completeAbsentPrefix_returnsEmpty(PrefixTrieTest.java:153)
	at java.base/java.lang.reflect.Method.invoke(Method.java:565)
	at java.base/java.util.ArrayList.forEach(ArrayList.java:1604)
	at java.base/java.util.ArrayList.forEach(ArrayList.java:1604)
]]></error>
  </testcase>
  <testcase name="searchAbsentWord_returnsZero" classname="ca.udem.ift2015.autocompleter.student.PrefixTrieTest" time="0.002">
    <error message="TODO 8 — insert non implémenté" type="java.lang.UnsupportedOperationException"><![CDATA[java.lang.UnsupportedOperationException: TODO 8 — insert non implémenté
	at ca.udem.ift2015.autocompleter.student.PrefixTrie.insert(PrefixTrie.java:41)
	at ca.udem.ift2015.autocompleter.student.PrefixTrieTest.searchAbsentWord_returnsZero(PrefixTrieTest.java:44)
	at java.base/java.lang.reflect.Method.invoke(Method.java:565)
	at java.base/java.util.ArrayList.forEach(ArrayList.java:1604)
	at java.base/java.util.ArrayList.forEach(ArrayList.java:1604)
]]></error>
  </testcase>
  <testcase name="searchPrefixOnly_returnsZero" classname="ca.udem.ift2015.autocompleter.student.PrefixTrieTest" time="0.002">
    <error message="TODO 8 — insert non implémenté" type="java.lang.UnsupportedOperationException"><![CDATA[java.lang.UnsupportedOperationException: TODO 8 — insert non implémenté
	at ca.udem.ift2015.autocompleter.student.PrefixTrie.insert(PrefixTrie.java:41)
	at ca.udem.ift2015.autocompleter.student.PrefixTrieTest.searchPrefixOnly_returnsZero(PrefixTrieTest.java:50)
	at java.base/java.lang.reflect.Method.invoke(Method.java:565)
	at java.base/java.util.ArrayList.forEach(ArrayList.java:1604)
	at java.base/java.util.ArrayList.forEach(ArrayList.java:1604)
]]></error>
  </testcase>
  <testcase name="insertAndSearchSingleWord" classname="ca.udem.ift2015.autocompleter.student.PrefixTrieTest" time="0.002">
    <error message="TODO 8 — insert non implémenté" type="java.lang.UnsupportedOperationException"><![CDATA[java.lang.UnsupportedOperationException: TODO 8 — insert non implémenté
	at ca.udem.ift2015.autocompleter.student.PrefixTrie.insert(PrefixTrie.java:41)
	at ca.udem.ift2015.autocompleter.student.PrefixTrieTest.insertAndSearchSingleWord(PrefixTrieTest.java:38)
	at java.base/java.lang.reflect.Method.invoke(Method.java:565)
	at java.base/java.util.ArrayList.forEach(ArrayList.java:1604)
	at java.base/java.util.ArrayList.forEach(ArrayList.java:1604)
]]></error>
  </testcase>
  <testcase name="completeRankedByDescendingFrequency" classname="ca.udem.ift2015.autocompleter.student.PrefixTrieTest" time="0.002">
    <error message="TODO 8 — insert non implémenté" type="java.lang.UnsupportedOperationException"><![CDATA[java.lang.UnsupportedOperationException: TODO 8 — insert non implémenté
	at ca.udem.ift2015.autocompleter.student.PrefixTrie.insert(PrefixTrie.java:41)
	at ca.udem.ift2015.autocompleter.student.PrefixTrieTest.completeRankedByDescendingFrequency(PrefixTrieTest.java:108)
	at java.base/java.lang.reflect.Method.invoke(Method.java:565)
	at java.base/java.util.ArrayList.forEach(ArrayList.java:1604)
	at java.base/java.util.ArrayList.forEach(ArrayList.java:1604)
]]></error>
  </testcase>
  <testcase name="insertSameWordAccumulatesFrequency" classname="ca.udem.ift2015.autocompleter.student.PrefixTrieTest" time="0.001">
    <error message="TODO 8 — insert non implémenté" type="java.lang.UnsupportedOperationException"><![CDATA[java.lang.UnsupportedOperationException: TODO 8 — insert non implémenté
	at ca.udem.ift2015.autocompleter.student.PrefixTrie.insert(PrefixTrie.java:41)
	at ca.udem.ift2015.autocompleter.student.PrefixTrieTest.insertSameWordAccumulatesFrequency(PrefixTrieTest.java:57)
	at java.base/java.lang.reflect.Method.invoke(Method.java:565)
	at java.base/java.util.ArrayList.forEach(ArrayList.java:1604)
	at java.base/java.util.ArrayList.forEach(ArrayList.java:1604)
]]></error>
  </testcase>
  <testcase name="completeKZero_returnsEmpty" classname="ca.udem.ift2015.autocompleter.student.PrefixTrieTest" time="0.002">
    <error message="TODO 8 — insert non implémenté" type="java.lang.UnsupportedOperationException"><![CDATA[java.lang.UnsupportedOperationException: TODO 8 — insert non implémenté
	at ca.udem.ift2015.autocompleter.student.PrefixTrie.insert(PrefixTrie.java:41)
	at ca.udem.ift2015.autocompleter.student.PrefixTrieTest.completeKZero_returnsEmpty(PrefixTrieTest.java:159)
	at java.base/java.lang.reflect.Method.invoke(Method.java:565)
	at java.base/java.util.ArrayList.forEach(ArrayList.java:1604)
	at java.base/java.util.ArrayList.forEach(ArrayList.java:1604)
]]></error>
  </testcase>
</testsuite>