<?xml version="1.0" encoding="UTF-8"?>
<testsuite xmlns:xsi="http://www.w3.org/2001/XMLSchema-instance" xsi:noNamespaceSchemaLocation="https://maven.apache.org/surefire/maven-surefire-plugin/xsd/surefire-test-report-3.0.xsd" version="3.0" name="ca.udem.ift2015.autocompleter.student.HashFrequencyTableTest" time="0.09" tests="16" errors="16" skipped="0" failures="0">
  <properties>
[...]
</properties>
  <testcase name="incrementByInitializesAbsentToken" classname="ca.udem.ift2015.autocompleter.student.HashFrequencyTableTest" time="0.022">
    <error message="TODO 6 — incrementBy non implémenté" type="java.lang.UnsupportedOperationException"><![CDATA[java.lang.UnsupportedOperationException: TODO 6 — incrementBy non implémenté
	at ca.udem.ift2015.autocompleter.student.HashFrequencyTable.incrementBy(HashFrequencyTable.java:79)
	at ca.udem.ift2015.autocompleter.student.HashFrequencyTableTest.incrementByInitializesAbsentToken(HashFrequencyTableTest.java:129)
	at java.base/java.lang.reflect.Method.invoke(Method.java:565)
	at java.base/java.util.ArrayList.forEach(ArrayList.java:1604)
	at java.base/java.util.ArrayList.forEach(ArrayList.java:1604)
]]></error>
  </testcase>
  <testcase name="incrementMultipleTimesAccumulates" classname="ca.udem.ift2015.autocompleter.student.HashFrequencyTableTest" time="0.002">
    <error message="TODO 1 — increment non implémenté" type="java.lang.UnsupportedOperationException"><![CDATA[java.lang.UnsupportedOperationException: TODO 1 — increment non implémenté
	at ca.udem.ift2015.autocompleter.student.HashFrequencyTable.increment(HashFrequencyTable.java:31)
	at ca.udem.ift2015.autocompleter.student.HashFrequencyTableTest.incrementMultipleTimesAccumulates(HashFrequencyTableTest.java:53)
	at java.base/java.lang.reflect.Method.invoke(Method.java:565)
	at java.base/java.util.ArrayList.forEach(ArrayList.java:1604)
	at java.base/java.util.ArrayList.forEach(ArrayList.java:1604)
]]></error>
  </testcase>
  <testcase name="isEmptyAfterIncrementReturnsFalse" classname="ca.udem.ift2015.autocompleter.student.HashFrequencyTableTest" time="0.003">
    <error message="TODO 1 — increment non implémenté" type="java.lang.UnsupportedOperationException"><![CDATA[java.lang.UnsupportedOperationException: TODO 1 — increment non implémenté
	at ca.udem.ift2015.autocompleter.student.HashFrequencyTable.increment(HashFrequencyTable.java:31)
	at ca.udem.ift2015.autocompleter.student.HashFrequencyTableTest.isEmptyAfterIncrementReturnsFalse(HashFrequencyTableTest.java:114)
	at java.base/java.lang.reflect.Method.invoke(Method.java:565)
	at java.base/java.util.ArrayList.forEach(ArrayList.java:1604)
	at java.base/java.util.ArrayList.forEach(ArrayList.java:1604)
]]></error>
  </testcase>
  <testcase name="vocabularyContainsAllIncrementedTokens" classname="ca.udem.ift2015.autocompleter.student.HashFrequencyTableTest" time="0.002">
    <error message="TODO 1 — increment non implémenté" type="java.lang.UnsupportedOperationException"><![CDATA[java.lang.UnsupportedOperationException: TODO 1 — increment non implémenté
	at ca.udem.ift2015.autocompleter.student.HashFrequencyTable.increment(HashFrequencyTable.java:31)
	at ca.udem.ift2015.autocompleter.student.HashFrequencyTableTest.vocabularyContainsAllIncrementedTokens(HashFrequencyTableTest.java:93)
	at java.base/java.lang.reflect.Method.invoke(Method.java:565)
	at java.base/java.util.ArrayList.forEach(ArrayList.java:1604)
	at java.base/java.util.ArrayList.forEach(ArrayList.java:1604)
]]></error>
  </testcase>
  <testcase name="incrementByAccumulatesOnExistingToken" classname="ca.udem.ift2015.autocompleter.student.HashFrequencyTableTest" time="0.003">
    <error message="TODO 1 — increment non implémenté" type="java.lang.UnsupportedOperationException"><![CDATA[java.lang.UnsupportedOperationException: TODO 1 — increment non implémenté
	at ca.udem.ift2015.autocompleter.student.HashFrequencyTable.increment(HashFrequencyTable.java:31)
	at ca.udem.ift2015.autocompleter.student.HashFrequencyTableTest.incrementByAccumulatesOnExistingToken(HashFrequencyTableTest.java:135)
	at java.base/java.lang.reflect.Method.invoke(Method.java:565)
	at java.base/java.util.ArrayList.forEach(ArrayList.java:1604)
	at java.base/java.util.ArrayList.forEach(ArrayList.java:1604)
]]></error>
  </testcase>
  <testcase name="isEmptyOnFreshTableReturnsTrue" classname="ca.udem.ift2015.autocompleter.student.HashFrequencyTableTest" time="0.003">
    <error message="TODO 5 — isEmpty non implémenté" type="java.lang.UnsupportedOperationException"><![CDATA[java.lang.UnsupportedOperationException: TODO 5 — isEmpty non implémenté
	at ca.udem.ift2015.autocompleter.student.HashFrequencyTable.isEmpty(HashFrequencyTable.java:68)
	at ca.udem.ift2015.autocompleter.student.HashFrequencyTableTest.isEmptyOnFreshTableReturnsTrue(HashFrequencyTableTest.java:120)
	at java.base/java.lang.reflect.Method.invoke(Method.java:565)
	at java.base/java.util.ArrayList.forEach(ArrayList.java:1604)
	at java.base/java.util.ArrayList.forEach(ArrayList.java:1604)
]]></error>
  </testcase>
  <testcase name="incrementByUpdatesTotalCount" classname="ca.udem.ift2015.autocompleter.student.HashFrequencyTableTest" time="0.001">
    <error message="TODO 6 — incrementBy non implémenté" type="java.lang.UnsupportedOperationException"><![CDATA[java.lang.UnsupportedOperationException: TODO 6 — incrementBy non implémenté
	at ca.udem.ift2015.autocompleter.student.HashFrequencyTable.incrementBy(HashFrequencyTable.java:79)
	at ca.udem.ift2015.autocompleter.student.HashFrequencyTableTest.incrementByUpdatesTotalCount(HashFrequencyTableTest.java:142)
	at java.base/java.lang.reflect.Method.invoke(Method.java:565)
	at java.base/java.util.ArrayList.forEach(ArrayList.java:1604)
	at java.base/java.util.ArrayList.forEach(ArrayList.java:1604)
]]></error>
  </testcase>
  <testcase name="incrementByWithOneEquivalentToIncrement" classname="ca.udem.ift2015.autocompleter.student.HashFrequencyTableTest" time="0.001">
    <error message="TODO 1 — increment non implémenté" type="java.lang.UnsupportedOperationException"><![CDATA[java.lang.UnsupportedOperationException: TODO 1 — increment non implémenté
	at ca.udem.ift2015.autocompleter.student.HashFrequencyTable.increment(HashFrequencyTable.java:31)
	at ca.udem.ift2015.autocompleter.student.HashFrequencyTableTest.incrementByWithOneEquivalentToIncrement(HashFrequencyTableTest.java:155)
	at java.base/java.lang.reflect.Method.invoke(Method.java:565)
	at java.base/java.util.ArrayList.forEach(ArrayList.java:1604)
	at java.base/java.util.ArrayList.forEach(ArrayList.java:1604)
]]></error>
  </testcase>
  <testcase name="incrementOnceYieldsCountOne" classname="ca.udem.ift2015.autocompleter.student.HashFrequencyTableTest" time="0.001">
    <error message="TODO 1 — increment non implémenté" type="java.lang.UnsupportedOperationException"><![CDATA[java.lang.UnsupportedOperationException: TODO 1 — increment non implémenté
	at ca.udem.ift2015.autocompleter.student.HashFrequencyTable.increment(HashFrequencyTable.java:31)
	at ca.udem.ift2015.autocompleter.student.HashFrequencyTableTest.incrementOnceYieldsCountOne(HashFrequencyTableTest.java:47)
	at java.base/java.lang.reflect.Method.invoke(Method.java:565)
	at java.base/java.util.ArrayList.forEach(ArrayList.java:1604)
	at java.base/java.util.ArrayList.forEach(ArrayList.java:1604)
]]></error>
  </testcase>
  <testcase name="vocabularyIsEmptyOnFreshTable" classname="ca.udem.ift2015.autocompleter.student.HashFrequencyTableTest" time="0.001">
    <error message="TODO 4 — vocabulary non implémenté" type="java.lang.UnsupportedOperationException"><![CDATA[java.lang.UnsupportedOperationException: TODO 4 — vocabulary non implémenté
	at ca.udem.ift2015.autocompleter.student.HashFrequencyTable.vocabulary(HashFrequencyTable.java:60)
	at ca.udem.ift2015.autocompleter.student.HashFrequencyTableTest.vocabularyIsEmptyOnFreshTable(HashFrequencyTableTest.java:31)
	at java.base/java.lang.reflect.Method.invoke(Method.java:565)
	at java.base/java.util.ArrayList.forEach(ArrayList.java:1604)
	at java.base/java.util.ArrayList.forEach(ArrayList.java:1604)
]]></error>
  </testcase>
  <testcase name="totalCountsAllIncrements" classname="ca.udem.ift2015.autocompleter.student.HashFrequencyTableTest" time="0.001">
    <error message="TODO 1 — increment non implémenté" type="java.lang.UnsupportedOperationException"><![CDATA[java.lang.UnsupportedOperationException: TODO 1 — increment non implémenté
	at ca.udem.ift2015.autocompleter.student.HashFrequencyTable.increment(HashFrequencyTable.java:31)
	at ca.udem.ift2015.autocompleter.student.HashFrequencyTableTest.totalCountsAllIncrements(HashFrequencyTableTest.java:75)
	at java.base/java.lang.reflect.Method.invoke(Method.java:565)
	at java.base/java.util.ArrayList.forEach(ArrayList.java:1604)
	at java.base/java.util.ArrayList.forEach(ArrayList.java:1604)
]]></error>
  </testcase>
  <testcase name="incrementDistinctTokensAreIndependent" classname="ca.udem.ift2015.autocompleter.student.HashFrequencyTableTest" time="0.001">
    <error message="TODO 1 — increment non implémenté" type="java.lang.UnsupportedOperationException"><![CDATA[java.lang.UnsupportedOperationException: TODO 1 — increment non implémenté
	at ca.udem.ift2015.autocompleter.student.HashFrequencyTable.increment(HashFrequencyTable.java:31)
	at ca.udem.ift2015.autocompleter.student.HashFrequencyTableTest.incrementDistinctTokensAreIndependent(HashFrequencyTableTest.java:61)
	at java.base/java.lang.reflect.Method.invoke(Method.java:565)
	at java.base/java.util.ArrayList.forEach(ArrayList.java:1604)
	at java.base/java.util.ArrayList.forEach(ArrayList.java:1604)
]]></error>
  </testcase>
  <testcase name="vocabularyDoesNotContainAbsentToken" classname="ca.udem.ift2015.autocompleter.student.HashFrequencyTableTest" time="0.001">
    <error message="TODO 1 — increment non implémenté" type="java.lang.UnsupportedOperationException"><![CDATA[java.lang.UnsupportedOperationException: TODO 1 — increment non implémenté
	at ca.udem.ift2015.autocompleter.student.HashFrequencyTable.increment(HashFrequencyTable.java:31)
	at ca.udem.ift2015.autocompleter.student.HashFrequencyTableTest.vocabularyDoesNotContainAbsentToken(HashFrequencyTableTest.java:104)
	at java.base/java.lang.reflect.Method.invoke(Method.java:565)
	at java.base/java.util.ArrayList.forEach(ArrayList.java:1604)
	at java.base/java.util.ArrayList.forEach(ArrayList.java:1604)
]]></error>
  </testcase>
  <testcase name="getOnAbsentTokenReturnsZero" classname="ca.udem.ift2015.autocompleter.student.HashFrequencyTableTest" time="0.001">
    <error message="TODO 2 — get non implémenté" type="java.lang.UnsupportedOperationException"><![CDATA[java.lang.UnsupportedOperationException: TODO 2 — get non implémenté
	at ca.udem.ift2015.autocompleter.student.HashFrequencyTable.get(HashFrequencyTable.java:41)
	at ca.udem.ift2015.autocompleter.student.HashFrequencyTableTest.getOnAbsentTokenReturnsZero(HashFrequencyTableTest.java:37)
	at java.base/java.lang.reflect.Method.invoke(Method.java:565)
	at java.base/java.util.ArrayList.forEach(ArrayList.java:1604)
	at java.base/java.util.ArrayList.forEach(ArrayList.java:1604)
]]></error>
  </testcase>
  <testcase name="totalAfterNoIncrementIsZero" classname="ca.udem.ift2015.autocompleter.student.HashFrequencyTableTest" time="0.002">
    <error message="TODO 3 — total non implémenté" type="java.lang.UnsupportedOperationException"><![CDATA[java.lang.UnsupportedOperationException: TODO 3 — total non implémenté
	at ca.udem.ift2015.autocompleter.student.HashFrequencyTable.total(HashFrequencyTable.java:52)
	at ca.udem.ift2015.autocompleter.student.HashFrequencyTableTest.totalAfterNoIncrementIsZero(HashFrequencyTableTest.java:84)
	at java.base/java.lang.reflect.Method.invoke(Method.java:565)
	at java.base/java.util.ArrayList.forEach(ArrayList.java:1604)
	at java.base/java.util.ArrayList.forEach(ArrayList.java:1604)
]]></error>
  </testcase>
  <testcase name="incrementByAddsTokenToVocabulary" classname="ca.udem.ift2015.autocompleter.student.HashFrequencyTableTest" time="0.001">
    <error message="TODO 6 — incrementBy non implémenté" type="java.lang.UnsupportedOperationException"><![CDATA[java.lang.UnsupportedOperationException: TODO 6 — incrementBy non implémenté
	at ca.udem.ift2015.autocompleter.student.HashFrequencyTable.incrementBy(HashFrequencyTable.java:79)
	at ca.udem.ift2015.autocompleter.student.HashFrequencyTableTest.incrementByAddsTokenToVocabulary(HashFrequencyTableTest.java:149)
	at java.base/java.lang.reflect.Method.invoke(Method.java:565)
	at java.base/java.util.ArrayList.forEach(ArrayList.java:1604)
	at java.base/java.util.ArrayList.forEach(ArrayList.java:1604)
]]></error>
  </testcase>
</testsuite>