<?xml version="1.0" encoding="UTF-8"?>
<testsuite xmlns:xsi="http://www.w3.org/2001/XMLSchema-instance" xsi:noNamespaceSchemaLocation="https://maven.apache.org/surefire/maven-surefire-plugin/xsd/surefire-test-report-3.0.xsd" version="3.0" name="ca.udem.ift2015.autocompleter.student.KatzBackoffModelTest" time="0.069" tests="24" errors="24" skipped="0" failures="0">
  <properties>
[...]
</properties>
  <testcase name="completeKLargerThanMatches" classname="ca.udem.ift2015.autocompleter.student.KatzBackoffModelTest" time="0.007">
    <error message="TODO 11 — train non implémenté" type="java.lang.UnsupportedOperationException"><![CDATA[java.lang.UnsupportedOperationException: TODO 11 — train non implémenté
	at ca.udem.ift2015.autocompleter.student.KatzBackoffModel.train(KatzBackoffModel.java:52)
	at ca.udem.ift2015.autocompleter.student.KatzBackoffModelTest.completeKLargerThanMatches(KatzBackoffModelTest.java:266)
	at java.base/java.lang.reflect.Method.invoke(Method.java:565)
	at java.base/java.util.ArrayList.forEach(ArrayList.java:1604)
	at java.base/java.util.ArrayList.forEach(ArrayList.java:1604)
]]></error>
  </testcase>
  <testcase name="topKKLargerThanVocab" classname="ca.udem.ift2015.autocompleter.student.KatzBackoffModelTest" time="0.002">
    <error message="TODO 11 — train non implémenté" type="java.lang.UnsupportedOperationException"><![CDATA[java.lang.UnsupportedOperationException: TODO 11 — train non implémenté
	at ca.udem.ift2015.autocompleter.student.KatzBackoffModel.train(KatzBackoffModel.java:52)
	at ca.udem.ift2015.autocompleter.student.KatzBackoffModelTest.topKKLargerThanVocab(KatzBackoffModelTest.java:166)
	at java.base/java.lang.reflect.Method.invoke(Method.java:565)
	at java.base/java.util.ArrayList.forEach(ArrayList.java:1604)
	at java.base/java.util.ArrayList.forEach(ArrayList.java:1604)
]]></error>
  </testcase>
  <testcase name="topKNoContext_usesUnigrams" classname="ca.udem.ift2015.autocompleter.student.KatzBackoffModelTest" time="0.002">
    <error message="TODO 11 — train non implémenté" type="java.lang.UnsupportedOperationException"><![CDATA[java.lang.UnsupportedOperationException: TODO 11 — train non implémenté
	at ca.udem.ift2015.autocompleter.student.KatzBackoffModel.train(KatzBackoffModel.java:52)
	at ca.udem.ift2015.autocompleter.student.KatzBackoffModelTest.topKNoContext_usesUnigrams(KatzBackoffModelTest.java:150)
	at java.base/java.lang.reflect.Method.invoke(Method.java:565)
	at java.base/java.util.ArrayList.forEach(ArrayList.java:1604)
	at java.base/java.util.ArrayList.forEach(ArrayList.java:1604)
]]></error>
  </testcase>
  <testcase name="countsZeroBeforeTraining" classname="ca.udem.ift2015.autocompleter.student.KatzBackoffModelTest" time="0.001">
    <error message="TODO 4 — vocabulary non implémenté" type="java.lang.UnsupportedOperationException"><![CDATA[java.lang.UnsupportedOperationException: TODO 4 — vocabulary non implémenté
	at ca.udem.ift2015.autocompleter.student.HashFrequencyTable.vocabulary(HashFrequencyTable.java:60)
	at ca.udem.ift2015.autocompleter.student.KatzBackoffModel.unigramCount(KatzBackoffModel.java:107)
	at ca.udem.ift2015.autocompleter.student.KatzBackoffModelTest.countsZeroBeforeTraining(KatzBackoffModelTest.java:54)
	at java.base/java.lang.reflect.Method.invoke(Method.java:565)
	at java.base/java.util.ArrayList.forEach(ArrayList.java:1604)
	at java.base/java.util.ArrayList.forEach(ArrayList.java:1604)
]]></error>
  </testcase>
  <testcase name="topKUsesTrigramWhenAvailable" classname="ca.udem.ift2015.autocompleter.student.KatzBackoffModelTest" time="0.001">
    <error message="TODO 11 — train non implémenté" type="java.lang.UnsupportedOperationException"><![CDATA[java.lang.UnsupportedOperationException: TODO 11 — train non implémenté
	at ca.udem.ift2015.autocompleter.student.KatzBackoffModel.train(KatzBackoffModel.java:52)
	at ca.udem.ift2015.autocompleter.student.KatzBackoffModelTest.topKUsesTrigramWhenAvailable(KatzBackoffModelTest.java:111)
	at java.base/java.lang.reflect.Method.invoke(Method.java:565)
	at java.base/java.util.ArrayList.forEach(ArrayList.java:1604)
	at java.base/java.util.ArrayList.forEach(ArrayList.java:1604)
]]></error>
  </testcase>
  <testcase name="predictOnUntrained_returnsNull" classname="ca.udem.ift2015.autocompleter.student.KatzBackoffModelTest" time="0.001">
    <error message="TODO 13 — predict non implémenté" type="java.lang.UnsupportedOperationException"><![CDATA[java.lang.UnsupportedOperationException: TODO 13 — predict non implémenté
	at ca.udem.ift2015.autocompleter.student.KatzBackoffModel.predict(KatzBackoffModel.java:86)
	at ca.udem.ift2015.autocompleter.student.KatzBackoffModelTest.predictOnUntrained_returnsNull(KatzBackoffModelTest.java:43)
	at java.base/java.lang.reflect.Method.invoke(Method.java:565)
	at java.base/java.util.ArrayList.forEach(ArrayList.java:1604)
	at java.base/java.util.ArrayList.forEach(ArrayList.java:1604)
]]></error>
  </testcase>
  <testcase name="topKOnUntrained_returnsEmpty" classname="ca.udem.ift2015.autocompleter.student.KatzBackoffModelTest" time="0.003">
    <error message="TODO 12 — topK non implémenté" type="java.lang.UnsupportedOperationException"><![CDATA[java.lang.UnsupportedOperationException: TODO 12 — topK non implémenté
	at ca.udem.ift2015.autocompleter.student.KatzBackoffModel.topK(KatzBackoffModel.java:75)
	at ca.udem.ift2015.autocompleter.student.KatzBackoffModelTest.topKOnUntrained_returnsEmpty(KatzBackoffModelTest.java:49)
	at java.base/java.lang.reflect.Method.invoke(Method.java:565)
	at java.base/java.util.ArrayList.forEach(ArrayList.java:1604)
	at java.base/java.util.ArrayList.forEach(ArrayList.java:1604)
]]></error>
  </testcase>
  <testcase name="frequencyReturnsUnigramCount" classname="ca.udem.ift2015.autocompleter.student.KatzBackoffModelTest" time="0.001">
    <error message="TODO 11 — train non implémenté" type="java.lang.UnsupportedOperationException"><![CDATA[java.lang.UnsupportedOperationException: TODO 11 — train non implémenté
	at ca.udem.ift2015.autocompleter.student.KatzBackoffModel.train(KatzBackoffModel.java:52)
	at ca.udem.ift2015.autocompleter.student.KatzBackoffModelTest.frequencyReturnsUnigramCount(KatzBackoffModelTest.java:206)
	at java.base/java.lang.reflect.Method.invoke(Method.java:565)
	at java.base/java.util.ArrayList.forEach(ArrayList.java:1604)
	at java.base/java.util.ArrayList.forEach(ArrayList.java:1604)
]]></error>
  </testcase>
  <testcase name="trigramCountAfterTraining" classname="ca.udem.ift2015.autocompleter.student.KatzBackoffModelTest" time="0.001">
    <error message="TODO 11 — train non implémenté" type="java.lang.UnsupportedOperationException"><![CDATA[java.lang.UnsupportedOperationException: TODO 11 — train non implémenté
	at ca.udem.ift2015.autocompleter.student.KatzBackoffModel.train(KatzBackoffModel.java:52)
	at ca.udem.ift2015.autocompleter.student.KatzBackoffModelTest.trigramCountAfterTraining(KatzBackoffModelTest.java:80)
	at java.base/java.lang.reflect.Method.invoke(Method.java:565)
	at java.base/java.util.ArrayList.forEach(ArrayList.java:1604)
	at java.base/java.util.ArrayList.forEach(ArrayList.java:1604)
]]></error>
  </testcase>
  <testcase name="topKBackoffToUnigramWhenNoBigram" classname="ca.udem.ift2015.autocompleter.student.KatzBackoffModelTest" time="0.002">
    <error message="TODO 11 — train non implémenté" type="java.lang.UnsupportedOperationException"><![CDATA[java.lang.UnsupportedOperationException: TODO 11 — train non implémenté
	at ca.udem.ift2015.autocompleter.student.KatzBackoffModel.train(KatzBackoffModel.java:52)
	at ca.udem.ift2015.autocompleter.student.KatzBackoffModelTest.topKBackoffToUnigramWhenNoBigram(KatzBackoffModelTest.java:140)
	at java.base/java.lang.reflect.Method.invoke(Method.java:565)
	at java.base/java.util.ArrayList.forEach(ArrayList.java:1604)
	at java.base/java.util.ArrayList.forEach(ArrayList.java:1604)
]]></error>
  </testcase>
  <testcase name="topKDoubleBackoffToUnigram" classname="ca.udem.ift2015.autocompleter.student.KatzBackoffModelTest" time="0.001">
    <error message="TODO 11 — train non implémenté" type="java.lang.UnsupportedOperationException"><![CDATA[java.lang.UnsupportedOperationException: TODO 11 — train non implémenté
	at ca.udem.ift2015.autocompleter.student.KatzBackoffModel.train(KatzBackoffModel.java:52)
	at ca.udem.ift2015.autocompleter.student.KatzBackoffModelTest.topKDoubleBackoffToUnigram(KatzBackoffModelTest.java:189)
	at java.base/java.lang.reflect.Method.invoke(Method.java:565)
	at java.base/java.util.ArrayList.forEach(ArrayList.java:1604)
	at java.base/java.util.ArrayList.forEach(ArrayList.java:1604)
]]></error>
  </testcase>
  <testcase name="topKZeroReturnsEmpty" classname="ca.udem.ift2015.autocompleter.student.KatzBackoffModelTest" time="0.002">
    <error message="TODO 11 — train non implémenté" type="java.lang.UnsupportedOperationException"><![CDATA[java.lang.UnsupportedOperationException: TODO 11 — train non implémenté
	at ca.udem.ift2015.autocompleter.student.KatzBackoffModel.train(KatzBackoffModel.java:52)
	at ca.udem.ift2015.autocompleter.student.KatzBackoffModelTest.topKZeroReturnsEmpty(KatzBackoffModelTest.java:160)
	at java.base/java.lang.reflect.Method.invoke(Method.java:565)
	at java.base/java.util.ArrayList.forEach(ArrayList.java:1604)
	at java.base/java.util.ArrayList.forEach(ArrayList.java:1604)
]]></error>
  </testcase>
  <testcase name="topKBackoffToBigramWhenNoTrigram" classname="ca.udem.ift2015.autocompleter.student.KatzBackoffModelTest" time="0.003">
    <error message="TODO 11 — train non implémenté" type="java.lang.UnsupportedOperationException"><![CDATA[java.lang.UnsupportedOperationException: TODO 11 — train non implémenté
	at ca.udem.ift2015.autocompleter.student.KatzBackoffModel.train(KatzBackoffModel.java:52)
	at ca.udem.ift2015.autocompleter.student.KatzBackoffModelTest.topKBackoffToBigramWhenNoTrigram(KatzBackoffModelTest.java:125)
	at java.base/java.lang.reflect.Method.invoke(Method.java:565)
	at java.base/java.util.ArrayList.forEach(ArrayList.java:1604)
	at java.base/java.util.ArrayList.forEach(ArrayList.java:1604)
]]></error>
  </testcase>
  <testcase name="completeRankedByFrequency" classname="ca.udem.ift2015.autocompleter.student.KatzBackoffModelTest" time="0.001">
    <error message="TODO 11 — train non implémenté" type="java.lang.UnsupportedOperationException"><![CDATA[java.lang.UnsupportedOperationException: TODO 11 — train non implémenté
	at ca.udem.ift2015.autocompleter.student.KatzBackoffModel.train(KatzBackoffModel.java:52)
	at ca.udem.ift2015.autocompleter.student.KatzBackoffModelTest.completeRankedByFrequency(KatzBackoffModelTest.java:243)
	at java.base/java.lang.reflect.Method.invoke(Method.java:565)
	at java.base/java.util.ArrayList.forEach(ArrayList.java:1604)
	at java.base/java.util.ArrayList.forEach(ArrayList.java:1604)
]]></error>
  </testcase>
  <testcase name="completeUnknownPrefix_returnsEmpty" classname="ca.udem.ift2015.autocompleter.student.KatzBackoffModelTest" time="0.001">
    <error message="TODO 11 — train non implémenté" type="java.lang.UnsupportedOperationException"><![CDATA[java.lang.UnsupportedOperationException: TODO 11 — train non implémenté
	at ca.udem.ift2015.autocompleter.student.KatzBackoffModel.train(KatzBackoffModel.java:52)
	at ca.udem.ift2015.autocompleter.student.KatzBackoffModelTest.completeUnknownPrefix_returnsEmpty(KatzBackoffModelTest.java:254)
	at java.base/java.lang.reflect.Method.invoke(Method.java:565)
	at java.base/java.util.ArrayList.forEach(ArrayList.java:1604)
	at java.base/java.util.ArrayList.forEach(ArrayList.java:1604)
]]></error>
  </testcase>
  <testcase name="trainingAccumulatesBigramCount" classname="ca.udem.ift2015.autocompleter.student.KatzBackoffModelTest" time="0.001">
    <error message="TODO 11 — train non implémenté" type="java.lang.UnsupportedOperationException"><![CDATA[java.lang.UnsupportedOperationException: TODO 11 — train non implémenté
	at ca.udem.ift2015.autocompleter.student.KatzBackoffModel.train(KatzBackoffModel.java:52)
	at ca.udem.ift2015.autocompleter.student.KatzBackoffModelTest.trainingAccumulatesBigramCount(KatzBackoffModelTest.java:198)
	at java.base/java.lang.reflect.Method.invoke(Method.java:565)
	at java.base/java.util.ArrayList.forEach(ArrayList.java:1604)
	at java.base/java.util.ArrayList.forEach(ArrayList.java:1604)
]]></error>
  </testcase>
  <testcase name="completeReturnsWordsWithPrefix" classname="ca.udem.ift2015.autocompleter.student.KatzBackoffModelTest" time="0.002">
    <error message="TODO 11 — train non implémenté" type="java.lang.UnsupportedOperationException"><![CDATA[java.lang.UnsupportedOperationException: TODO 11 — train non implémenté
	at ca.udem.ift2015.autocompleter.student.KatzBackoffModel.train(KatzBackoffModel.java:52)
	at ca.udem.ift2015.autocompleter.student.KatzBackoffModelTest.completeReturnsWordsWithPrefix(KatzBackoffModelTest.java:232)
	at java.base/java.lang.reflect.Method.invoke(Method.java:565)
	at java.base/java.util.ArrayList.forEach(ArrayList.java:1604)
	at java.base/java.util.ArrayList.forEach(ArrayList.java:1604)
]]></error>
  </testcase>
  <testcase name="bigramCountAfterTraining" classname="ca.udem.ift2015.autocompleter.student.KatzBackoffModelTest" time="0.002">
    <error message="TODO 11 — train non implémenté" type="java.lang.UnsupportedOperationException"><![CDATA[java.lang.UnsupportedOperationException: TODO 11 — train non implémenté
	at ca.udem.ift2015.autocompleter.student.KatzBackoffModel.train(KatzBackoffModel.java:52)
	at ca.udem.ift2015.autocompleter.student.KatzBackoffModelTest.bigramCountAfterTraining(KatzBackoffModelTest.java:73)
	at java.base/java.lang.reflect.Method.invoke(Method.java:565)
	at java.base/java.util.ArrayList.forEach(ArrayList.java:1604)
	at java.base/java.util.ArrayList.forEach(ArrayList.java:1604)
]]></error>
  </testcase>
  <testcase name="sentenceBoundaryResetsContext" classname="ca.udem.ift2015.autocompleter.student.KatzBackoffModelTest" time="0.001">
    <error message="TODO 11 — train non implémenté" type="java.lang.UnsupportedOperationException"><![CDATA[java.lang.UnsupportedOperationException: TODO 11 — train non implémenté
	at ca.udem.ift2015.autocompleter.student.KatzBackoffModel.train(KatzBackoffModel.java:52)
	at ca.udem.ift2015.autocompleter.student.KatzBackoffModelTest.sentenceBoundaryResetsContext(KatzBackoffModelTest.java:95)
	at java.base/java.lang.reflect.Method.invoke(Method.java:565)
	at java.base/java.util.ArrayList.forEach(ArrayList.java:1604)
	at java.base/java.util.ArrayList.forEach(ArrayList.java:1604)
]]></error>
  </testcase>
  <testcase name="strictBackoffTrigramNotFilledFromBigram" classname="ca.udem.ift2015.autocompleter.student.KatzBackoffModelTest" time="0.001">
    <error message="TODO 11 — train non implémenté" type="java.lang.UnsupportedOperationException"><![CDATA[java.lang.UnsupportedOperationException: TODO 11 — train non implémenté
	at ca.udem.ift2015.autocompleter.student.KatzBackoffModel.train(KatzBackoffModel.java:52)
	at ca.udem.ift2015.autocompleter.student.KatzBackoffModelTest.strictBackoffTrigramNotFilledFromBigram(KatzBackoffModelTest.java:175)
	at java.base/java.lang.reflect.Method.invoke(Method.java:565)
	at java.base/java.util.ArrayList.forEach(ArrayList.java:1604)
	at java.base/java.util.ArrayList.forEach(ArrayList.java:1604)
]]></error>
  </testcase>
  <testcase name="completeKZero_returnsEmpty" classname="ca.udem.ift2015.autocompleter.student.KatzBackoffModelTest" time="0.001">
    <error message="TODO 11 — train non implémenté" type="java.lang.UnsupportedOperationException"><![CDATA[java.lang.UnsupportedOperationException: TODO 11 — train non implémenté
	at ca.udem.ift2015.autocompleter.student.KatzBackoffModel.train(KatzBackoffModel.java:52)
	at ca.udem.ift2015.autocompleter.student.KatzBackoffModelTest.completeKZero_returnsEmpty(KatzBackoffModelTest.java:260)
	at java.base/java.lang.reflect.Method.invoke(Method.java:565)
	at java.base/java.util.ArrayList.forEach(ArrayList.java:1604)
	at java.base/java.util.ArrayList.forEach(ArrayList.java:1604)
]]></error>
  </testcase>
  <testcase name="trainingAccumulatesAcrossSentences" classname="ca.udem.ift2015.autocompleter.student.KatzBackoffModelTest" time="0.001">
    <error message="TODO 11 — train non implémenté" type="java.lang.UnsupportedOperationException"><![CDATA[java.lang.UnsupportedOperationException: TODO 11 — train non implémenté
	at ca.udem.ift2015.autocompleter.student.KatzBackoffModel.train(KatzBackoffModel.java:52)
	at ca.udem.ift2015.autocompleter.student.KatzBackoffModelTest.trainingAccumulatesAcrossSentences(KatzBackoffModelTest.java:86)
	at java.base/java.lang.reflect.Method.invoke(Method.java:565)
	at java.base/java.util.ArrayList.forEach(ArrayList.java:1604)
	at java.base/java.util.ArrayList.forEach(ArrayList.java:1604)
]]></error>
  </testcase>
  <testcase name="unigramCountAfterTraining" classname="ca.udem.ift2015.autocompleter.student.KatzBackoffModelTest" time="0.001">
    <error message="TODO 11 — train non implémenté" type="java.lang.UnsupportedOperationException"><![CDATA[java.lang.UnsupportedOperationException: TODO 11 — train non implémenté
	at ca.udem.ift2015.autocompleter.student.KatzBackoffModel.train(KatzBackoffModel.java:52)
	at ca.udem.ift2015.autocompleter.student.KatzBackoffModelTest.unigramCountAfterTraining(KatzBackoffModelTest.java:66)
	at java.base/java.lang.reflect.Method.invoke(Method.java:565)
	at java.base/java.util.ArrayList.forEach(ArrayList.java:1604)
	at java.base/java.util.ArrayList.forEach(ArrayList.java:1604)
]]></error>
  </testcase>
  <testcase name="predictTwoWords_trigram" classname="ca.udem.ift2015.autocompleter.student.KatzBackoffModelTest" time="0.001">
    <error message="TODO 11 — train non implémenté" type="java.lang.UnsupportedOperationException"><![CDATA[java.lang.UnsupportedOperationException: TODO 11 — train non implémenté
	at ca.udem.ift2015.autocompleter.student.KatzBackoffModel.train(KatzBackoffModel.java:52)
	at ca.udem.ift2015.autocompleter.student.KatzBackoffModelTest.predictTwoWords_trigram(KatzBackoffModelTest.java:218)
	at java.base/java.lang.reflect.Method.invoke(Method.java:565)
	at java.base/java.util.ArrayList.forEach(ArrayList.java:1604)
	at java.base/java.util.ArrayList.forEach(ArrayList.java:1604)
]]></error>
  </testcase>
</testsuite>